<?xml version="1.0" encoding="UTF-8"?>
<!-- Generated by org.testng.reporters.JUnitXMLReporter -->
<testsuite hostname="VDDKSTABOG15-26" ignored="5" name="Default test(failed)" tests="2" failures="0" timestamp="21 abr 2021 01:32:20 GMT" time="37.406" errors="0">
  <testcase name="modificarReferencia" time="9.709" classname="com.SAMFormulariosWeb.AAI.test.AdmRefLocales_Test"/>
  <testcase name="eliminarReferencia" time="13.459" classname="com.SAMFormulariosWeb.AAI.test.AdmRefLocales_Test"/>
  <testcase name="consultaReferenciasPorDominio" time="0.0" classname="com.SAMFormulariosWeb.AAI.test.AdmRefLocales_Test">
    <ignored/>
  </testcase> <!-- consultaReferenciasPorDominio -->
  <testcase name="consultaReferenciasPorRango" time="0.0" classname="com.SAMFormulariosWeb.AAI.test.AdmRefLocales_Test">
    <ignored/>
  </testcase> <!-- consultaReferenciasPorRango -->
  <testcase name="agregarReferencia" time="0.0" classname="com.SAMFormulariosWeb.AAI.test.AdmRefLocales_Test">
    <ignored/>
  </testcase> <!-- agregarReferencia -->
  <testcase name="consultaReferenciasPorDescripcion" time="0.0" classname="com.SAMFormulariosWeb.AAI.test.AdmRefLocales_Test">
    <ignored/>
  </testcase> <!-- consultaReferenciasPorDescripcion -->
  <testcase name="consultaReferenciasPorValor" time="0.0" classname="com.SAMFormulariosWeb.AAI.test.AdmRefLocales_Test">
    <ignored/>
  </testcase> <!-- consultaReferenciasPorValor -->
</testsuite> <!-- Default test(failed) -->
