<?xml version="1.0" encoding="UTF-8"?>
<!-- Generated by org.testng.reporters.JUnitXMLReporter -->
<testsuite hostname="VDDKSTABOG15-26" ignored="0" name="Default test" tests="2" failures="0" timestamp="01 may 2021 22:30:08 GMT" time="28.824" errors="0">
  <testcase name="consultaListaRiesgoPorNombre" time="5.915" classname="com.SAMFormulariosWeb.ALR.test.AudListasRiesgo_Test"/>
  <testcase name="verDetalleAuditoria" time="8.764" classname="com.SAMFormulariosWeb.ALR.test.AudListasRiesgo_Test"/>
</testsuite> <!-- Default test -->
